DEBUG:root:This message should go to the log file
INFO:root:So should this
WARNING:root:And this, too
ERROR:root:And non-ASCII stuff, too, like Øresund and Malmö
ERROR:root:And non-ASCII stuff, too, like Øresund and Malmö
DEBUG:root:This message should go to the log file
INFO:root:So should this
WARNING:root:And this, too
ERROR:root:And non-ASCII stuff, too, like Øresund and Malmö
DEBUG:root:This message should go to the log file
INFO:root:So should this
WARNING:root:And this, too
ERROR:root:And non-ASCII stuff, too, like Øresund and Malmö
DEBUG:root:This message should go to the log file
INFO:root:So should this
WARNING:root:And this, too
ERROR:root:And non-ASCII stuff, too, like Øresund and Malmö
2023-11-03 15:23:55 INFO     Info message #1
2023-11-03 15:23:57 INFO     Info message #2
2023-11-03 15:23:59 DEBUG    Debug message #1
2023-11-03 15:24:01 ERROR    Error message #1
2023-11-03 15:24:03 WARNING  Warning message #1
2023-11-03 15:24:05 CRITICAL Critical message #1
